<?xml version="1.0" encoding="UTF-8"?>
<!-- Generated by org.testng.reporters.JUnitXMLReporter -->
<testsuite ignored="0" hostname="IBM-PF3P51VK" failures="1" tests="2" name="Error validation Test" time="31.721" errors="0" timestamp="2025-04-15T16:50:52 IST">
  <testcase classname="Snaco.ErrorValidationsTest" name="Loginerrorvalidation" time="0.629">
    <failure type="java.lang.AssertionError" message="expected [Incorrect email or password.] but found [Incorrect email  password.]">
      <![CDATA[java.lang.AssertionError: expected [Incorrect email or password.] but found [Incorrect email  password.]
at Snaco.ErrorValidationsTest.Loginerrorvalidation(ErrorValidationsTest.java:22)
at java.base/java.util.ArrayList.forEach(ArrayList.java:1596)
at java.base/java.util.concurrent.FutureTask.run(FutureTask.java:317)
at java.base/java.util.concurrent.ThreadPoolExecutor.runWorker(ThreadPoolExecutor.java:1144)
at java.base/java.util.concurrent.ThreadPoolExecutor$Worker.run(ThreadPoolExecutor.java:642)
at java.base/java.lang.Thread.run(Thread.java:1583)
... Removed 21 stack frames]]>
    </failure>
  </testcase> <!-- Loginerrorvalidation -->
  <testcase classname="Snaco.ErrorValidationsTest" name="ProductErrorvalidation" time="14.021"/>
</testsuite> <!-- Error validation Test -->
